<?xml version="1.0" encoding="UTF-8"?>
<testsuite xmlns:xsi="http://www.w3.org/2001/XMLSchema-instance" xsi:noNamespaceSchemaLocation="https://maven.apache.org/surefire/maven-surefire-plugin/xsd/surefire-test-report.xsd" name="com.xiong.test.CinemaTest" time="0.04" tests="4" errors="0" skipped="0" failures="0">
  <properties>
[...]
</properties>
  <testcase name="getByPageTest" classname="com.xiong.test.CinemaTest" time="0.016"/>
  <testcase name="getAllCinemaAndMovieTest" classname="com.xiong.test.CinemaTest" time="0.01"/>
  <testcase name="test" classname="com.xiong.test.CinemaTest" time="0.009"/>
  <testcase name="getCinemaAndMovieByIdTest" classname="com.xiong.test.CinemaTest" time="0.004"/>
</testsuite>